{ "request": "GET /test/?return=200 HTTP/1.1", "status": "200", "body_bytes_sent": "24", "http_referer": "-", "uri": "/test/", "args": "return=200", "upstream_cache_status": "MISS", "upstream_response_time": "0.028", "request_time": "0.028", "http_user_agent": "curl/7.29.0", "cs": "MISS" }
{ "request": "GET /test/?return=200 HTTP/1.1", "status": "200", "body_bytes_sent": "24", "http_referer": "-", "uri": "/test/", "args": "return=200", "upstream_cache_status": "HIT", "upstream_response_time": "-", "request_time": "0.000", "http_user_agent": "curl/7.29.0", "cs": "HIT" }
{ "request": "GET /test/?return=301 HTTP/1.1", "status": "302", "body_bytes_sent": "24", "http_referer": "-", "uri": "/test/", "args": "return=301", "upstream_cache_status": "HIT", "upstream_response_time": "-", "request_time": "0.000", "http_user_agent": "curl/7.29.0", "cs": "HIT" }
{ "request": "GET /test/?return=301 HTTP/1.1", "status": "302", "body_bytes_sent": "44", "http_referer": "-", "uri": "/test/", "args": "return=301", "upstream_cache_status": "HIT", "upstream_response_time": "-", "request_time": "0.000", "http_user_agent": "curl/7.29.0", "cs": "HIT" }
{ "request": "GET /test/?return=301 HTTP/1.1", "status": "302", "body_bytes_sent": "32", "http_referer": "-", "uri": "/test/", "args": "return=301", "upstream_cache_status": "HIT", "upstream_response_time": "-", "request_time": "0.000", "http_user_agent": "curl/7.29.0", "cs": "HIT" }
{ "request": "GET /test/?return=302 HTTP/1.1", "status": "302", "body_bytes_sent": "32", "http_referer": "-", "uri": "/test/", "args": "return=302", "upstream_cache_status": "HIT", "upstream_response_time": "-", "request_time": "0.000", "http_user_agent": "curl/7.29.0", "cs": "HIT" }
{ "request": "GET /home/?return=302 HTTP/1.1", "status": "302", "body_bytes_sent": "32", "http_referer": "-", "uri": "/home/", "args": "return=302", "upstream_cache_status": "HIT", "upstream_response_time": "-", "request_time": "0.000", "http_user_agent": "curl/7.29.0", "cs": "HIT" }
{ "request": "GET /home/?return=302 HTTP/1.1", "status": "302", "body_bytes_sent": "13", "http_referer": "-", "uri": "/home/", "args": "return=302", "upstream_cache_status": "HIT", "upstream_response_time": "-", "request_time": "0.000", "http_user_agent": "curl/7.29.0", "cs": "HIT" }
{ "request": "GET /home/?return=302 HTTP/1.1", "status": "302", "body_bytes_sent": "13", "http_referer": "-", "uri": "/home/", "args": "return=302", "upstream_cache_status": "STALE", "upstream_response_time": "-", "request_time": "0.023", "http_user_agent": "curl/7.29.0", "cs": "STALE" }
{ "request": "GET /hack/?return=403 HTTP/1.1", "status": "403", "body_bytes_sent": "45", "http_referer": "-", "uri": "/hack/", "args": "return=403", "upstream_cache_status": "STALE", "upstream_response_time": "-", "request_time": "0.023", "http_user_agent": "curl/7.29.0", "cs": "STALE" }
{ "request": "GET /error/?return=404 HTTP/1.1", "status": "404", "body_bytes_sent": "13", "http_referer": "-", "uri": "/error/", "args": "return=404", "upstream_cache_status": "STALE", "upstream_response_time": "-", "request_time": "0.022", "http_user_agent": "curl/7.29.0", "cs": "STALE" }
{ "request": "GET /error/?return=404 HTTP/1.1", "status": "404", "body_bytes_sent": "13", "http_referer": "-", "uri": "/error/", "args": "return=404", "upstream_cache_status": "STALE", "upstream_response_time": "-", "request_time": "0.020", "http_user_agent": "curl/7.29.0", "cs": "STALE" }
{ "request": "GET /error/?return=404 HTTP/1.1", "status": "404", "body_bytes_sent": "13", "http_referer": "-", "uri": "/error/", "args": "return=404", "upstream_cache_status": "STALE", "upstream_response_time": "-", "request_time": "0.021", "http_user_agent": "curl/7.29.0", "cs": "STALE" }
{ "request": "GET /error/?return=404 HTTP/1.1", "status": "404", "body_bytes_sent": "13", "http_referer": "-", "uri": "/error/", "args": "return=404", "upstream_cache_status": "STALE", "upstream_response_time": "-", "request_time": "0.027", "http_user_agent": "curl/7.29.0", "cs": "STALE" }
{ "request": "GET /error/?return=404 HTTP/1.1", "status": "404", "body_bytes_sent": "29", "http_referer": "-", "uri": "/error/", "args": "return=404", "upstream_cache_status": "STALE", "upstream_response_time": "-", "request_time": "0.022", "http_user_agent": "curl/7.29.0", "cs": "STALE" }
{ "request": "GET /error/?return=404 HTTP/1.1", "status": "404", "body_bytes_sent": "29", "http_referer": "-", "uri": "/error/", "args": "return=404", "upstream_cache_status": "STALE", "upstream_response_time": "-", "request_time": "0.026", "http_user_agent": "curl/7.29.0", "cs": "STALE" }
{ "request": "GET /error/?return=404 HTTP/1.1", "status": "404", "body_bytes_sent": "29", "http_referer": "-", "uri": "/error/", "args": "return=404", "upstream_cache_status": "STALE", "upstream_response_time": "-", "request_time": "0.026", "http_user_agent": "curl/7.29.0", "cs": "STALE" }
{ "request": "GET /error/?return=404 HTTP/1.1", "status": "404", "body_bytes_sent": "29", "http_referer": "-", "uri": "/error/", "args": "return=404", "upstream_cache_status": "STALE", "upstream_response_time": "-", "request_time": "0.025", "http_user_agent": "curl/7.29.0", "cs": "STALE" }
{ "request": "GET /error/?return=404 HTTP/1.1", "status": "404", "body_bytes_sent": "29", "http_referer": "-", "uri": "/error/", "args": "return=404", "upstream_cache_status": "STALE", "upstream_response_time": "-", "request_time": "0.027", "http_user_agent": "curl/7.29.0", "cs": "STALE" }
{ "request": "GET /error/?return=404 HTTP/1.1", "status": "404", "body_bytes_sent": "29", "http_referer": "-", "uri": "/error/", "args": "return=404", "upstream_cache_status": "STALE", "upstream_response_time": "-", "request_time": "0.020", "http_user_agent": "curl/7.29.0", "cs": "STALE" }
{ "request": "GET /hacked/?return=403 HTTP/1.1", "status": "403", "body_bytes_sent": "45", "http_referer": "-", "uri": "/hacked/", "args": "return=403", "upstream_cache_status": "STALE", "upstream_response_time": "-", "request_time": "0.021", "http_user_agent": "curl/7.29.0", "cs": "STALE" }
{ "request": "GET /home/?return=302 HTTP/1.1", "status": "302", "body_bytes_sent": "13", "http_referer": "-", "uri": "/home/", "args": "return=302", "upstream_cache_status": "STALE", "upstream_response_time": "-", "request_time": "0.024", "http_user_agent": "curl/7.29.0", "cs": "STALE" }
{ "request": "GET /home/?return=302 HTTP/1.1", "status": "302", "body_bytes_sent": "13", "http_referer": "-", "uri": "/home/", "args": "return=302", "upstream_cache_status": "STALE", "upstream_response_time": "-", "request_time": "0.026", "http_user_agent": "curl/7.29.0", "cs": "STALE" }
{ "request": "GET /home/?return=302 HTTP/1.1", "status": "302", "body_bytes_sent": "13", "http_referer": "-", "uri": "/home/", "args": "return=302", "upstream_cache_status": "STALE", "upstream_response_time": "-", "request_time": "0.021", "http_user_agent": "curl/7.29.0", "cs": "STALE" }
{ "request": "GET /home/?return=302 HTTP/1.1", "status": "302", "body_bytes_sent": "13", "http_referer": "-", "uri": "/home/", "args": "return=302", "upstream_cache_status": "STALE", "upstream_response_time": "-", "request_time": "0.022", "http_user_agent": "curl/7.29.0", "cs": "STALE" }
{ "request": "GET /home/?return=302 HTTP/1.1", "status": "302", "body_bytes_sent": "44", "http_referer": "-", "uri": "/home/", "args": "return=302", "upstream_cache_status": "STALE", "upstream_response_time": "-", "request_time": "0.027", "http_user_agent": "curl/7.29.0", "cs": "STALE" }
{ "request": "GET /home/?return=302 HTTP/1.1", "status": "302", "body_bytes_sent": "44", "http_referer": "-", "uri": "/home/", "args": "return=302", "upstream_cache_status": "STALE", "upstream_response_time": "-", "request_time": "0.025", "http_user_agent": "curl/7.29.0", "cs": "STALE" }
{ "request": "GET /home/?return=302 HTTP/1.1", "status": "302", "body_bytes_sent": "44", "http_referer": "-", "uri": "/home/", "args": "return=302", "upstream_cache_status": "STALE", "upstream_response_time": "-", "request_time": "0.028", "http_user_agent": "curl/7.29.0", "cs": "STALE" }
{ "request": "GET /home/?return=302 HTTP/1.1", "status": "302", "body_bytes_sent": "44", "http_referer": "-", "uri": "/home/", "args": "return=302", "upstream_cache_status": "STALE", "upstream_response_time": "-", "request_time": "0.024", "http_user_agent": "curl/7.29.0", "cs": "STALE" }
{ "request": "GET /home/?return=302 HTTP/1.1", "status": "302", "body_bytes_sent": "44", "http_referer": "-", "uri": "/home/", "args": "return=302", "upstream_cache_status": "STALE", "upstream_response_time": "-", "request_time": "0.022", "http_user_agent": "curl/7.29.0", "cs": "STALE" }
{ "request": "GET /home/?return=302 HTTP/1.1", "status": "302", "body_bytes_sent": "44", "http_referer": "-", "uri": "/home/", "args": "return=302", "upstream_cache_status": "STALE", "upstream_response_time": "-", "request_time": "0.028", "http_user_agent": "curl/7.29.0", "cs": "STALE" }
{ "request": "GET /home/?return=302 HTTP/1.1", "status": "302", "body_bytes_sent": "86", "http_referer": "-", "uri": "/home/", "args": "return=302", "upstream_cache_status": "STALE", "upstream_response_time": "-", "request_time": "0.029", "http_user_agent": "curl/7.29.0", "cs": "STALE" }
{ "request": "GET /home/?return=404 HTTP/1.1", "status": "404", "body_bytes_sent": "86", "http_referer": "-", "uri": "/home/", "args": "return=404", "upstream_cache_status": "STALE", "upstream_response_time": "-", "request_time": "0.027", "http_user_agent": "curl/7.29.0", "cs": "STALE" }
{ "request": "GET /home/?return=404 HTTP/1.1", "status": "404", "body_bytes_sent": "86", "http_referer": "-", "uri": "/home/", "args": "return=404", "upstream_cache_status": "STALE", "upstream_response_time": "-", "request_time": "0.026", "http_user_agent": "curl/7.29.0", "cs": "STALE" }
{ "request": "GET /home/?return=404 HTTP/1.1", "status": "404", "body_bytes_sent": "86", "http_referer": "-", "uri": "/home/", "args": "return=404", "upstream_cache_status": "STALE", "upstream_response_time": "-", "request_time": "0.023", "http_user_agent": "curl/7.29.0", "cs": "STALE" }
{ "request": "GET /home/?return=404 HTTP/1.1", "status": "404", "body_bytes_sent": "86", "http_referer": "-", "uri": "/home/", "args": "return=404", "upstream_cache_status": "STALE", "upstream_response_time": "-", "request_time": "0.026", "http_user_agent": "curl/7.29.0", "cs": "STALE" }